<?xml version="1.0" encoding="UTF-8"?>
<!-- Generated by org.testng.reporters.JUnitXMLReporter -->
<testsuite ignored="2" hostname="DESKTOP-1OP6S3U" failures="0" tests="2" name="Test-2" time="3.845" errors="0" timestamp="2023-09-20T10:41:42 IST">
  <testcase classname="com.staffWork.staffLoginTest" name="stffLoginTest" time="0.0">
    <skipped/>
  </testcase> <!-- stffLoginTest -->
  <testcase classname="com.staffWork.creditCustomerTest" name="crdtCust" time="0.0">
    <skipped/>
  </testcase> <!-- crdtCust -->
  <testcase classname="com.banking.genericUtils.BaseClass" name="@BeforeSuite configBS" time="0.0">
    <ignored/>
  </testcase> <!-- @BeforeSuite configBS -->
  <testcase classname="com.banking.genericUtils.BaseClass" name="@AfterSuite configAS" time="0.0">
    <ignored/>
  </testcase> <!-- @AfterSuite configAS -->
</testsuite> <!-- Test-2 -->
