<?xml version="1.0" encoding="UTF-8"?>
<!-- Generated by org.testng.reporters.JUnitReportReporter -->
<testsuite hostname="DESKTOP-1OP6S3U" failures="0" tests="3" name="com.accountWork.openAccTest" time="1.859" errors="0" timestamp="2023-09-21T16:46:02 IST" skipped="0">
  <testcase classname="com.accountWork.openAccTest" name="demo" time="1.355"/>
  <testcase classname="com.accountWork.openAccTest" name="display" time="0.061"/>
  <testcase classname="com.accountWork.openAccTest" name="openAc" time="0.443"/>
</testsuite> <!-- com.accountWork.openAccTest -->
