<?xml version="1.0" encoding="UTF-8"?>
<!-- Generated by org.testng.reporters.JUnitReportReporter -->
<testsuite hostname="DESKTOP-1OP6S3U" failures="0" tests="4" name="com.TestNGPractice.sampleClass1Test" time="0.029" errors="0" timestamp="2023-09-15T17:36:54 IST" skipped="0">
  <testcase classname="com.TestNGPractice.sampleClass1Test" name="display" time="0.004"/>
  <testcase classname="com.TestNGPractice.sampleClass1Test" name="add" time="0.008"/>
  <testcase classname="com.TestNGPractice.sampleClass1Test" name="show" time="0.008"/>
  <testcase classname="com.TestNGPractice.sampleClass1Test" name="demo" time="0.009"/>
</testsuite> <!-- com.TestNGPractice.sampleClass1Test -->
