<?xml version="1.0" encoding="UTF-8"?>
<!-- Generated by org.testng.reporters.JUnitReportReporter -->
<testsuite hostname="DESKTOP-1OP6S3U" failures="0" tests="3" name="com.TestNGPractice.createTest" time="0.023" errors="0" timestamp="2023-09-15T13:00:11 IST" skipped="0">
  <testcase classname="com.TestNGPractice.createTest" name="deleteDataTest" time="0.005"/>
  <testcase classname="com.TestNGPractice.createTest" name="createDataTest" time="0.016"/>
  <testcase classname="com.TestNGPractice.createTest" name="editDataTest" time="0.002"/>
</testsuite> <!-- com.TestNGPractice.createTest -->
