<?xml version="1.0" encoding="UTF-8"?>
<!-- Generated by org.testng.reporters.JUnitReportReporter -->
<testsuite hostname="DESKTOP-1OP6S3U" failures="0" tests="1" name="com.accountWork.FundTransferTest" time="4.207" errors="0" timestamp="2023-09-21T13:26:56 IST" skipped="0">
  <testcase classname="com.accountWork.FundTransferTest" name="fndTransfer" time="4.207">
    <system-out>
      <![CDATA[fndTransfer---> Execution starts
fndTransfer----Testscript executed successfully]]>
    </system-out>
  </testcase> <!-- fndTransfer -->
  <system-out>
    <![CDATA[fndTransfer---> Execution starts
fndTransfer----Testscript executed successfully
crdtCust---> Execution starts
crdtCust====> Failed
demo---> Execution starts
demo----Testscript executed successfully
display---> Execution starts
display----Testscript executed successfully
openAc---> Execution starts
openAc----Testscript executed successfully]]>
  </system-out>
</testsuite> <!-- com.accountWork.FundTransferTest -->
