<?xml version="1.0" encoding="UTF-8"?>
<!-- Generated by org.testng.reporters.JUnitReportReporter -->
<testsuite hostname="DESKTOP-1OP6S3U" failures="0" tests="5" name="com.TestNGPractice.executeDataProviderTest" time="0.025" errors="0" timestamp="2023-09-15T15:37:07 IST" skipped="0">
  <testcase classname="com.TestNGPractice.executeDataProviderTest" name="getData" time="0.004"/>
  <testcase classname="com.TestNGPractice.executeDataProviderTest" name="getData" time="0.005"/>
  <testcase classname="com.TestNGPractice.executeDataProviderTest" name="getData" time="0.004"/>
  <testcase classname="com.TestNGPractice.executeDataProviderTest" name="getData" time="0.009"/>
  <testcase classname="com.TestNGPractice.executeDataProviderTest" name="getData" time="0.003"/>
</testsuite> <!-- com.TestNGPractice.executeDataProviderTest -->
