<?xml version="1.0" encoding="UTF-8"?>
<!-- Generated by org.testng.reporters.JUnitReportReporter -->
<testsuite hostname="DESKTOP-1OP6S3U" failures="0" tests="2" name="com.TestNGPractice.usingDataProviderTest" time="0.011" errors="0" timestamp="2023-09-15T12:48:42 IST" skipped="0">
  <testcase classname="com.TestNGPractice.usingDataProviderTest" name="getData" time="0.002"/>
  <testcase classname="com.TestNGPractice.usingDataProviderTest" name="getData" time="0.009"/>
</testsuite> <!-- com.TestNGPractice.usingDataProviderTest -->
