<?xml version="1.0" encoding="UTF-8"?>
<!-- Generated by org.testng.reporters.JUnitReportReporter -->
<testsuite hostname="DESKTOP-1OP6S3U" failures="0" tests="1" name="com.staffWork.staffLoginTest" time="2.511" errors="0" timestamp="2023-09-20T17:34:30 IST" skipped="0">
  <testcase classname="com.staffWork.staffLoginTest" name="stffLoginTest" time="2.511"/>
</testsuite> <!-- com.staffWork.staffLoginTest -->
