<?xml version="1.0" encoding="UTF-8"?>
<!-- Generated by org.testng.reporters.JUnitReportReporter -->
<testsuite hostname="DESKTOP-1OP6S3U" failures="0" tests="1" name="com.practice.ReadDataFromCmdTest" time="14.975" errors="0" timestamp="2023-09-06T21:01:30 IST" skipped="0">
  <testcase classname="com.practice.ReadDataFromCmdTest" name="cmdTest" time="14.975"/>
</testsuite> <!-- com.practice.ReadDataFromCmdTest -->
