<?xml version="1.0" encoding="UTF-8"?>
<!-- Generated by org.testng.reporters.JUnitReportReporter -->
<testsuite hostname="DESKTOP-1OP6S3U" failures="0" tests="2" name="com.TestNGPractice.sampleClass2Test" time="0.012" errors="0" timestamp="2023-09-15T17:36:54 IST" skipped="0">
  <testcase classname="com.TestNGPractice.sampleClass2Test" name="add" time="0.005"/>
  <testcase classname="com.TestNGPractice.sampleClass2Test" name="show" time="0.007"/>
</testsuite> <!-- com.TestNGPractice.sampleClass2Test -->
