<?xml version="1.0" encoding="UTF-8"?>
<!-- Generated by org.testng.reporters.JUnitReportReporter -->
<testsuite hostname="DESKTOP-1OP6S3U" failures="0" tests="1" name="com.accountWork.fundTrasnferViewDetail" time="5.557" errors="0" timestamp="2023-09-20T13:14:31 IST" skipped="0">
  <testcase classname="com.accountWork.fundTrasnferViewDetail" name="detailFundTransfer" time="5.557"/>
</testsuite> <!-- com.accountWork.fundTrasnferViewDetail -->
